# JRE version: Java(TM) SE Runtime Environment (8.0_301-b09) (build 1.8.0_301-b09)
# Java VM: Java HotSpot(TM) 64-Bit Server VM (25.301-b09 mixed mode windows-amd64 compressed oops)
Heap:
 PSYoungGen      total 1860096K, used 224765K [0x0000000715b80000, 0x00000007c0000000, 0x00000007c0000000)
  eden space 930304K, 21% used [0x0000000715b80000,0x0000000721b95110,0x000000074e800000)
  from space 929792K, 3% used [0x0000000787400000,0x0000000788f6a5c0,0x00000007c0000000)
  to   space 929792K, 0% used [0x000000074e800000,0x000000074e800000,0x0000000787400000)
 ParOldGen       total 2791936K, used 39418K [0x00000005c1200000, 0x000000066b880000, 0x0000000715b80000)
  object space 2791936K, 1% used [0x00000005c1200000,0x00000005c387e968,0x000000066b880000)
 Metaspace       used 77737K, capacity 83012K, committed 83200K, reserved 1120256K
  class space    used 10455K, capacity 11401K, committed 11520K, reserved 1048576K
GC Heap History (10 events):
Event: 651.183 GC heap before
{Heap before GC invocations=48 (full 9):
 PSYoungGen      total 1816576K, used 1214557K [0x0000000715b80000, 0x00000007b7480000, 0x00000007c0000000)
  eden space 1026048K, 100% used [0x0000000715b80000,0x0000000754580000,0x0000000754580000)
  from space 790528K, 23% used [0x0000000787080000,0x0000000792897568,0x00000007b7480000)
  to   space 810496K, 0% used [0x0000000754580000,0x0000000754580000,0x0000000785d00000)
 ParOldGen       total 2791936K, used 545271K [0x00000005c1200000, 0x000000066b880000, 0x0000000715b80000)
  object space 2791936K, 19% used [0x00000005c1200000,0x00000005e267dc48,0x000000066b880000)
 Metaspace       used 75188K, capacity 80176K, committed 80256K, reserved 1118208K
  class space    used 10214K, capacity 11110K, committed 11136K, reserved 1048576K
Event: 651.304 GC heap after
Heap after GC invocations=48 (full 9):
 PSYoungGen      total 1836544K, used 310185K [0x0000000715b80000, 0x00000007bb680000, 0x00000007c0000000)
  eden space 1026048K, 0% used [0x0000000715b80000,0x0000000715b80000,0x0000000754580000)
  from space 810496K, 38% used [0x0000000754580000,0x000000076746a538,0x0000000785d00000)
  to   space 775168K, 0% used [0x000000078c180000,0x000000078c180000,0x00000007bb680000)
 ParOldGen       total 2791936K, used 731471K [0x00000005c1200000, 0x000000066b880000, 0x0000000715b80000)
  object space 2791936K, 26% used [0x00000005c1200000,0x00000005edc53c48,0x000000066b880000)
 Metaspace       used 75188K, capacity 80176K, committed 80256K, reserved 1118208K
  class space    used 10214K, capacity 11110K, committed 11136K, reserved 1048576K
}
Event: 680.299 GC heap before
{Heap before GC invocations=49 (full 9):
 PSYoungGen      total 1836544K, used 1336233K [0x0000000715b80000, 0x00000007bb680000, 0x00000007c0000000)
  eden space 1026048K, 100% used [0x0000000715b80000,0x0000000754580000,0x0000000754580000)
  from space 810496K, 38% used [0x0000000754580000,0x000000076746a538,0x0000000785d00000)
  to   space 775168K, 0% used [0x000000078c180000,0x000000078c180000,0x00000007bb680000)
 ParOldGen       total 2791936K, used 731471K [0x00000005c1200000, 0x000000066b880000, 0x0000000715b80000)
  object space 2791936K, 26% used [0x00000005c1200000,0x00000005edc53c48,0x000000066b880000)
 Metaspace       used 75279K, capacity 80378K, committed 80512K, reserved 1118208K
  class space    used 10229K, capacity 11133K, committed 11136K, reserved 1048576K
Event: 680.599 GC heap after
Heap after GC invocations=49 (full 9):
 PSYoungGen      total 1705472K, used 775148K [0x0000000715b80000, 0x00000007c0000000, 0x00000007c0000000)
  eden space 930304K, 0% used [0x0000000715b80000,0x0000000715b80000,0x000000074e800000)
  from space 775168K, 99% used [0x000000078c180000,0x00000007bb67b010,0x00000007bb680000)
  to   space 929792K, 0% used [0x000000074e800000,0x000000074e800000,0x0000000787400000)
 ParOldGen       total 2791936K, used 1069915K [0x00000005c1200000, 0x000000066b880000, 0x0000000715b80000)
  object space 2791936K, 38% used [0x00000005c1200000,0x00000006026d6c58,0x000000066b880000)
 Metaspace       used 75279K, capacity 80378K, committed 80512K, reserved 1118208K
  class space    used 10229K, capacity 11133K, committed 11136K, reserved 1048576K
}
Event: 682.071 GC heap before
{Heap before GC invocations=50 (full 9):
 PSYoungGen      total 1705472K, used 805287K [0x0000000715b80000, 0x00000007c0000000, 0x00000007c0000000)
  eden space 930304K, 3% used [0x0000000715b80000,0x00000007178eec80,0x000000074e800000)
  from space 775168K, 99% used [0x000000078c180000,0x00000007bb67b010,0x00000007bb680000)
  to   space 929792K, 0% used [0x000000074e800000,0x000000074e800000,0x0000000787400000)
 ParOldGen       total 2791936K, used 1069915K [0x00000005c1200000, 0x000000066b880000, 0x0000000715b80000)
  object space 2791936K, 38% used [0x00000005c1200000,0x00000006026d6c58,0x000000066b880000)
 Metaspace       used 75281K, capacity 80384K, committed 80512K, reserved 1118208K
  class space    used 10230K, capacity 11135K, committed 11136K, reserved 1048576K
Event: 682.248 GC heap after
Heap after GC invocations=50 (full 9):
 PSYoungGen      total 1860096K, used 512K [0x0000000715b80000, 0x00000007c0000000, 0x00000007c0000000)
  eden space 930304K, 0% used [0x0000000715b80000,0x0000000715b80000,0x000000074e800000)
  from space 929792K, 0% used [0x000000074e800000,0x000000074e880000,0x0000000787400000)
  to   space 929792K, 0% used [0x0000000787400000,0x0000000787400000,0x00000007c0000000)
 ParOldGen       total 2791936K, used 1847494K [0x00000005c1200000, 0x000000066b880000, 0x0000000715b80000)
  object space 2791936K, 66% used [0x00000005c1200000,0x0000000631e31b08,0x000000066b880000)
 Metaspace       used 75281K, capacity 80384K, committed 80512K, reserved 1118208K
  class space    used 10230K, capacity 11135K, committed 11136K, reserved 1048576K
}
Event: 682.248 GC heap before
{Heap before GC invocations=51 (full 10):
 PSYoungGen      total 1860096K, used 512K [0x0000000715b80000, 0x00000007c0000000, 0x00000007c0000000)
  eden space 930304K, 0% used [0x0000000715b80000,0x0000000715b80000,0x000000074e800000)
  from space 929792K, 0% used [0x000000074e800000,0x000000074e880000,0x0000000787400000)
  to   space 929792K, 0% used [0x0000000787400000,0x0000000787400000,0x00000007c0000000)
 ParOldGen       total 2791936K, used 1847494K [0x00000005c1200000, 0x000000066b880000, 0x0000000715b80000)
  object space 2791936K, 66% used [0x00000005c1200000,0x0000000631e31b08,0x000000066b880000)
 Metaspace       used 75281K, capacity 80384K, committed 80512K, reserved 1118208K
  class space    used 10230K, capacity 11135K, committed 11136K, reserved 1048576K
Event: 682.422 GC heap after
Heap after GC invocations=51 (full 10):
 PSYoungGen      total 1860096K, used 0K [0x0000000715b80000, 0x00000007c0000000, 0x00000007c0000000)
  eden space 930304K, 0% used [0x0000000715b80000,0x0000000715b80000,0x000000074e800000)
  from space 929792K, 0% used [0x000000074e800000,0x000000074e800000,0x0000000787400000)
  to   space 929792K, 0% used [0x0000000787400000,0x0000000787400000,0x00000007c0000000)
 ParOldGen       total 2791936K, used 39410K [0x00000005c1200000, 0x000000066b880000, 0x0000000715b80000)
  object space 2791936K, 1% used [0x00000005c1200000,0x00000005c387c968,0x000000066b880000)
 Metaspace       used 75240K, capacity 80318K, committed 80512K, reserved 1118208K
  class space    used 10224K, capacity 11124K, committed 11136K, reserved 1048576K
}
Event: 683.544 GC heap before
{Heap before GC invocations=52 (full 10):
 PSYoungGen      total 1860096K, used 930304K [0x0000000715b80000, 0x00000007c0000000, 0x00000007c0000000)
  eden space 930304K, 100% used [0x0000000715b80000,0x000000074e800000,0x000000074e800000)
  from space 929792K, 0% used [0x000000074e800000,0x000000074e800000,0x0000000787400000)
  to   space 929792K, 0% used [0x0000000787400000,0x0000000787400000,0x00000007c0000000)
 ParOldGen       total 2791936K, used 39410K [0x00000005c1200000, 0x000000066b880000, 0x0000000715b80000)
  object space 2791936K, 1% used [0x00000005c1200000,0x00000005c387c968,0x000000066b880000)
 Metaspace       used 77682K, capacity 82904K, committed 83072K, reserved 1120256K
  class space    used 10448K, capacity 11367K, committed 11392K, reserved 1048576K
Event: 683.552 GC heap after
Heap after GC invocations=52 (full 10):
 PSYoungGen      total 1860096K, used 28073K [0x0000000715b80000, 0x00000007c0000000, 0x00000007c0000000)
  eden space 930304K, 0% used [0x0000000715b80000,0x0000000715b80000,0x000000074e800000)
  from space 929792K, 3% used [0x0000000787400000,0x0000000788f6a5c0,0x00000007c0000000)
  to   space 929792K, 0% used [0x000000074e800000,0x000000074e800000,0x0000000787400000)
 ParOldGen       total 2791936K, used 39418K [0x00000005c1200000, 0x000000066b880000, 0x0000000715b80000)
  object space 2791936K, 1% used [0x00000005c1200000,0x00000005c387e968,0x000000066b880000)
 Metaspace       used 77682K, capacity 82904K, committed 83072K, reserved 1120256K
  class space    used 10448K, capacity 11367K, committed 11392K, reserved 1048576K
}

