# JRE version: Java(TM) SE Runtime Environment (8.0_301-b09) (build 1.8.0_301-b09)
# Java VM: Java HotSpot(TM) 64-Bit Server VM (25.301-b09 mixed mode windows-amd64 compressed oops)
Heap:
 PSYoungGen      total 1860096K, used 891822K [0x0000000715b80000, 0x00000007c0000000, 0x00000007c0000000)
  eden space 930304K, 12% used [0x0000000715b80000,0x000000071d060b68,0x000000074e800000)
  from space 929792K, 83% used [0x0000000787400000,0x00000007b660b010,0x00000007c0000000)
  to   space 929792K, 0% used [0x000000074e800000,0x000000074e800000,0x0000000787400000)
 ParOldGen       total 3110400K, used 1060254K [0x00000005c1200000, 0x000000067ef80000, 0x0000000715b80000)
  object space 3110400K, 34% used [0x00000005c1200000,0x0000000601d67940,0x000000067ef80000)
 Metaspace       used 77658K, capacity 82910K, committed 83200K, reserved 1120256K
  class space    used 10465K, capacity 11420K, committed 11520K, reserved 1048576K
GC Heap History (10 events):
Event: 1423.591 GC heap before
{Heap before GC invocations=43 (full 9):
 PSYoungGen      total 1860096K, used 1100985K [0x0000000715b80000, 0x00000007c0000000, 0x00000007c0000000)
  eden space 930304K, 100% used [0x0000000715b80000,0x000000074e800000,0x000000074e800000)
  from space 929792K, 18% used [0x000000074e800000,0x0000000758eae7c8,0x0000000787400000)
  to   space 929792K, 0% used [0x0000000787400000,0x0000000787400000,0x00000007c0000000)
 ParOldGen       total 3110400K, used 47771K [0x00000005c1200000, 0x000000067ef80000, 0x0000000715b80000)
  object space 3110400K, 1% used [0x00000005c1200000,0x00000005c40a6e60,0x000000067ef80000)
 Metaspace       used 77577K, capacity 82764K, committed 82944K, reserved 1120256K
  class space    used 10448K, capacity 11395K, committed 11520K, reserved 1048576K
Event: 1423.669 GC heap after
Heap after GC invocations=43 (full 9):
 PSYoungGen      total 1860096K, used 170750K [0x0000000715b80000, 0x00000007c0000000, 0x00000007c0000000)
  eden space 930304K, 0% used [0x0000000715b80000,0x0000000715b80000,0x000000074e800000)
  from space 929792K, 18% used [0x0000000787400000,0x0000000791abfb58,0x00000007c0000000)
  to   space 929792K, 0% used [0x000000074e800000,0x000000074e800000,0x0000000787400000)
 ParOldGen       total 3110400K, used 217990K [0x00000005c1200000, 0x000000067ef80000, 0x0000000715b80000)
  object space 3110400K, 7% used [0x00000005c1200000,0x00000005ce6e1920,0x000000067ef80000)
 Metaspace       used 77577K, capacity 82764K, committed 82944K, reserved 1120256K
  class space    used 10448K, capacity 11395K, committed 11520K, reserved 1048576K
}
Event: 1424.309 GC heap before
{Heap before GC invocations=44 (full 9):
 PSYoungGen      total 1860096K, used 1101054K [0x0000000715b80000, 0x00000007c0000000, 0x00000007c0000000)
  eden space 930304K, 100% used [0x0000000715b80000,0x000000074e800000,0x000000074e800000)
  from space 929792K, 18% used [0x0000000787400000,0x0000000791abfb58,0x00000007c0000000)
  to   space 929792K, 0% used [0x000000074e800000,0x000000074e800000,0x0000000787400000)
 ParOldGen       total 3110400K, used 217990K [0x00000005c1200000, 0x000000067ef80000, 0x0000000715b80000)
  object space 3110400K, 7% used [0x00000005c1200000,0x00000005ce6e1920,0x000000067ef80000)
 Metaspace       used 77577K, capacity 82764K, committed 82944K, reserved 1120256K
  class space    used 10448K, capacity 11395K, committed 11520K, reserved 1048576K
Event: 1424.390 GC heap after
Heap after GC invocations=44 (full 9):
 PSYoungGen      total 1860096K, used 183678K [0x0000000715b80000, 0x00000007c0000000, 0x00000007c0000000)
  eden space 930304K, 0% used [0x0000000715b80000,0x0000000715b80000,0x000000074e800000)
  from space 929792K, 19% used [0x000000074e800000,0x0000000759b5f8f8,0x0000000787400000)
  to   space 929792K, 0% used [0x0000000787400000,0x0000000787400000,0x00000007c0000000)
 ParOldGen       total 3110400K, used 388070K [0x00000005c1200000, 0x000000067ef80000, 0x0000000715b80000)
  object space 3110400K, 12% used [0x00000005c1200000,0x00000005d8cf9920,0x000000067ef80000)
 Metaspace       used 77577K, capacity 82764K, committed 82944K, reserved 1120256K
  class space    used 10448K, capacity 11395K, committed 11520K, reserved 1048576K
}
Event: 1425.036 GC heap before
{Heap before GC invocations=45 (full 9):
 PSYoungGen      total 1860096K, used 1113982K [0x0000000715b80000, 0x00000007c0000000, 0x00000007c0000000)
  eden space 930304K, 100% used [0x0000000715b80000,0x000000074e800000,0x000000074e800000)
  from space 929792K, 19% used [0x000000074e800000,0x0000000759b5f8f8,0x0000000787400000)
  to   space 929792K, 0% used [0x0000000787400000,0x0000000787400000,0x00000007c0000000)
 ParOldGen       total 3110400K, used 388070K [0x00000005c1200000, 0x000000067ef80000, 0x0000000715b80000)
  object space 3110400K, 12% used [0x00000005c1200000,0x00000005d8cf9920,0x000000067ef80000)
 Metaspace       used 77577K, capacity 82764K, committed 82944K, reserved 1120256K
  class space    used 10448K, capacity 11395K, committed 11520K, reserved 1048576K
Event: 1425.127 GC heap after
Heap after GC invocations=45 (full 9):
 PSYoungGen      total 1860096K, used 189021K [0x0000000715b80000, 0x00000007c0000000, 0x00000007c0000000)
  eden space 930304K, 0% used [0x0000000715b80000,0x0000000715b80000,0x000000074e800000)
  from space 929792K, 20% used [0x0000000787400000,0x0000000792c97568,0x00000007c0000000)
  to   space 929792K, 0% used [0x000000074e800000,0x000000074e800000,0x0000000787400000)
 ParOldGen       total 3110400K, used 570478K [0x00000005c1200000, 0x000000067ef80000, 0x0000000715b80000)
  object space 3110400K, 18% used [0x00000005c1200000,0x00000005e3f1b920,0x000000067ef80000)
 Metaspace       used 77577K, capacity 82764K, committed 82944K, reserved 1120256K
  class space    used 10448K, capacity 11395K, committed 11520K, reserved 1048576K
}
Event: 1425.757 GC heap before
{Heap before GC invocations=46 (full 9):
 PSYoungGen      total 1860096K, used 1119325K [0x0000000715b80000, 0x00000007c0000000, 0x00000007c0000000)
  eden space 930304K, 100% used [0x0000000715b80000,0x000000074e800000,0x000000074e800000)
  from space 929792K, 20% used [0x0000000787400000,0x0000000792c97568,0x00000007c0000000)
  to   space 929792K, 0% used [0x000000074e800000,0x000000074e800000,0x0000000787400000)
 ParOldGen       total 3110400K, used 570478K [0x00000005c1200000, 0x000000067ef80000, 0x0000000715b80000)
  object space 3110400K, 18% used [0x00000005c1200000,0x00000005e3f1b920,0x000000067ef80000)
 Metaspace       used 77591K, capacity 82770K, committed 82944K, reserved 1120256K
  class space    used 10449K, capacity 11396K, committed 11520K, reserved 1048576K
Event: 1425.867 GC heap after
Heap after GC invocations=46 (full 9):
 PSYoungGen      total 1860096K, used 302601K [0x0000000715b80000, 0x00000007c0000000, 0x00000007c0000000)
  eden space 930304K, 0% used [0x0000000715b80000,0x0000000715b80000,0x000000074e800000)
  from space 929792K, 32% used [0x000000074e800000,0x0000000760f82538,0x0000000787400000)
  to   space 929792K, 0% used [0x0000000787400000,0x0000000787400000,0x00000007c0000000)
 ParOldGen       total 3110400K, used 757102K [0x00000005c1200000, 0x000000067ef80000, 0x0000000715b80000)
  object space 3110400K, 24% used [0x00000005c1200000,0x00000005ef55b920,0x000000067ef80000)
 Metaspace       used 77591K, capacity 82770K, committed 82944K, reserved 1120256K
  class space    used 10449K, capacity 11396K, committed 11520K, reserved 1048576K
}
Event: 1426.339 GC heap before
{Heap before GC invocations=47 (full 9):
 PSYoungGen      total 1860096K, used 1232905K [0x0000000715b80000, 0x00000007c0000000, 0x00000007c0000000)
  eden space 930304K, 100% used [0x0000000715b80000,0x000000074e800000,0x000000074e800000)
  from space 929792K, 32% used [0x000000074e800000,0x0000000760f82538,0x0000000787400000)
  to   space 929792K, 0% used [0x0000000787400000,0x0000000787400000,0x00000007c0000000)
 ParOldGen       total 3110400K, used 757102K [0x00000005c1200000, 0x000000067ef80000, 0x0000000715b80000)
  object space 3110400K, 24% used [0x00000005c1200000,0x00000005ef55b920,0x000000067ef80000)
 Metaspace       used 77591K, capacity 82770K, committed 82944K, reserved 1120256K
  class space    used 10449K, capacity 11396K, committed 11520K, reserved 1048576K
Event: 1426.575 GC heap after
Heap after GC invocations=47 (full 9):
 PSYoungGen      total 1860096K, used 772140K [0x0000000715b80000, 0x00000007c0000000, 0x00000007c0000000)
  eden space 930304K, 0% used [0x0000000715b80000,0x0000000715b80000,0x000000074e800000)
  from space 929792K, 83% used [0x0000000787400000,0x00000007b660b010,0x00000007c0000000)
  to   space 929792K, 0% used [0x000000074e800000,0x000000074e800000,0x0000000787400000)
 ParOldGen       total 3110400K, used 1060254K [0x00000005c1200000, 0x000000067ef80000, 0x0000000715b80000)
  object space 3110400K, 34% used [0x00000005c1200000,0x0000000601d67940,0x000000067ef80000)
 Metaspace       used 77591K, capacity 82770K, committed 82944K, reserved 1120256K
  class space    used 10449K, capacity 11396K, committed 11520K, reserved 1048576K
}

