# JRE version: Java(TM) SE Runtime Environment (8.0_301-b09) (build 1.8.0_301-b09)
# Java VM: Java HotSpot(TM) 64-Bit Server VM (25.301-b09 mixed mode windows-amd64 compressed oops)
Heap:
 PSYoungGen      total 1761280K, used 1170423K [0x0000000715b80000, 0x000000078f480000, 0x00000007c0000000)
  eden space 1543168K, 75% used [0x0000000715b80000,0x000000075d27df70,0x0000000773e80000)
  from space 218112K, 0% used [0x0000000781f80000,0x0000000781f80000,0x000000078f480000)
  to   space 224256K, 0% used [0x0000000773e80000,0x0000000773e80000,0x0000000781980000)
 ParOldGen       total 1549312K, used 64619K [0x00000005c1200000, 0x000000061fb00000, 0x0000000715b80000)
  object space 1549312K, 4% used [0x00000005c1200000,0x00000005c511aee8,0x000000061fb00000)
 Metaspace       used 89585K, capacity 96084K, committed 99160K, reserved 1134592K
  class space    used 11651K, capacity 12739K, committed 13144K, reserved 1048576K
GC Heap History (10 events):
Event: 11221.673 GC heap before
{Heap before GC invocations=49 (full 13):
 PSYoungGen      total 1698304K, used 1698093K [0x0000000715b80000, 0x0000000795280000, 0x00000007c0000000)
  eden space 1601536K, 100% used [0x0000000715b80000,0x0000000777780000,0x0000000777780000)
  from space 96768K, 99% used [0x000000077b380000,0x00000007811cb568,0x0000000781200000)
  to   space 243200K, 0% used [0x0000000786500000,0x0000000786500000,0x0000000795280000)
 ParOldGen       total 1549312K, used 74543K [0x00000005c1200000, 0x000000061fb00000, 0x0000000715b80000)
  object space 1549312K, 4% used [0x00000005c1200000,0x00000005c5acbeb0,0x000000061fb00000)
 Metaspace       used 92437K, capacity 98852K, committed 99032K, reserved 1134592K
  class space    used 11883K, capacity 13016K, committed 13016K, reserved 1048576K
Event: 11221.706 GC heap after
Heap after GC invocations=49 (full 13):
 PSYoungGen      total 1709568K, used 96481K [0x0000000715b80000, 0x0000000790780000, 0x00000007c0000000)
  eden space 1543168K, 0% used [0x0000000715b80000,0x0000000715b80000,0x0000000773e80000)
  from space 166400K, 57% used [0x0000000786500000,0x000000078c3387d0,0x0000000790780000)
  to   space 233984K, 0% used [0x0000000773e80000,0x0000000773e80000,0x0000000782300000)
 ParOldGen       total 1549312K, used 74551K [0x00000005c1200000, 0x000000061fb00000, 0x0000000715b80000)
  object space 1549312K, 4% used [0x00000005c1200000,0x00000005c5acdeb0,0x000000061fb00000)
 Metaspace       used 92437K, capacity 98852K, committed 99032K, reserved 1134592K
  class space    used 11883K, capacity 13016K, committed 13016K, reserved 1048576K
}
Event: 12638.316 GC heap before
{Heap before GC invocations=50 (full 13):
 PSYoungGen      total 1709568K, used 1362808K [0x0000000715b80000, 0x0000000790780000, 0x00000007c0000000)
  eden space 1543168K, 82% used [0x0000000715b80000,0x0000000763025830,0x0000000773e80000)
  from space 166400K, 57% used [0x0000000786500000,0x000000078c3387d0,0x0000000790780000)
  to   space 233984K, 0% used [0x0000000773e80000,0x0000000773e80000,0x0000000782300000)
 ParOldGen       total 1549312K, used 74551K [0x00000005c1200000, 0x000000061fb00000, 0x0000000715b80000)
  object space 1549312K, 4% used [0x00000005c1200000,0x00000005c5acdeb0,0x000000061fb00000)
 Metaspace       used 92444K, capacity 98858K, committed 99160K, reserved 1134592K
  class space    used 11885K, capacity 13018K, committed 13144K, reserved 1048576K
Event: 12638.321 GC heap after
Heap after GC invocations=50 (full 13):
 PSYoungGen      total 1551872K, used 8496K [0x0000000715b80000, 0x0000000790080000, 0x00000007c0000000)
  eden space 1543168K, 0% used [0x0000000715b80000,0x0000000715b80000,0x0000000773e80000)
  from space 8704K, 97% used [0x0000000773e80000,0x00000007746cc0c0,0x0000000774700000)
  to   space 230400K, 0% used [0x0000000781f80000,0x0000000781f80000,0x0000000790080000)
 ParOldGen       total 1549312K, used 74559K [0x00000005c1200000, 0x000000061fb00000, 0x0000000715b80000)
  object space 1549312K, 4% used [0x00000005c1200000,0x00000005c5acfeb0,0x000000061fb00000)
 Metaspace       used 92444K, capacity 98858K, committed 99160K, reserved 1134592K
  class space    used 11885K, capacity 13018K, committed 13144K, reserved 1048576K
}
Event: 12638.321 GC heap before
{Heap before GC invocations=51 (full 14):
 PSYoungGen      total 1551872K, used 8496K [0x0000000715b80000, 0x0000000790080000, 0x00000007c0000000)
  eden space 1543168K, 0% used [0x0000000715b80000,0x0000000715b80000,0x0000000773e80000)
  from space 8704K, 97% used [0x0000000773e80000,0x00000007746cc0c0,0x0000000774700000)
  to   space 230400K, 0% used [0x0000000781f80000,0x0000000781f80000,0x0000000790080000)
 ParOldGen       total 1549312K, used 74559K [0x00000005c1200000, 0x000000061fb00000, 0x0000000715b80000)
  object space 1549312K, 4% used [0x00000005c1200000,0x00000005c5acfeb0,0x000000061fb00000)
 Metaspace       used 92444K, capacity 98858K, committed 99160K, reserved 1134592K
  class space    used 11885K, capacity 13018K, committed 13144K, reserved 1048576K
Event: 12638.489 GC heap after
Heap after GC invocations=51 (full 14):
 PSYoungGen      total 1551872K, used 0K [0x0000000715b80000, 0x0000000790080000, 0x00000007c0000000)
  eden space 1543168K, 0% used [0x0000000715b80000,0x0000000715b80000,0x0000000773e80000)
  from space 8704K, 0% used [0x0000000773e80000,0x0000000773e80000,0x0000000774700000)
  to   space 230400K, 0% used [0x0000000781f80000,0x0000000781f80000,0x0000000790080000)
 ParOldGen       total 1549312K, used 53937K [0x00000005c1200000, 0x000000061fb00000, 0x0000000715b80000)
  object space 1549312K, 3% used [0x00000005c1200000,0x00000005c46ac400,0x000000061fb00000)
 Metaspace       used 84291K, capacity 89988K, committed 99160K, reserved 1134592K
  class space    used 11121K, capacity 12076K, committed 13144K, reserved 1048576K
}
Event: 13075.676 GC heap before
{Heap before GC invocations=52 (full 14):
 PSYoungGen      total 1551872K, used 1408847K [0x0000000715b80000, 0x0000000790080000, 0x00000007c0000000)
  eden space 1543168K, 91% used [0x0000000715b80000,0x000000076bb53fc8,0x0000000773e80000)
  from space 8704K, 0% used [0x0000000773e80000,0x0000000773e80000,0x0000000774700000)
  to   space 230400K, 0% used [0x0000000781f80000,0x0000000781f80000,0x0000000790080000)
 ParOldGen       total 1549312K, used 53937K [0x00000005c1200000, 0x000000061fb00000, 0x0000000715b80000)
  object space 1549312K, 3% used [0x00000005c1200000,0x00000005c46ac400,0x000000061fb00000)
 Metaspace       used 87105K, capacity 93408K, committed 99160K, reserved 1134592K
  class space    used 11420K, capacity 12465K, committed 13144K, reserved 1048576K
Event: 13075.684 GC heap after
Heap after GC invocations=52 (full 14):
 PSYoungGen      total 1761280K, used 12564K [0x0000000715b80000, 0x000000078f480000, 0x00000007c0000000)
  eden space 1543168K, 0% used [0x0000000715b80000,0x0000000715b80000,0x0000000773e80000)
  from space 218112K, 5% used [0x0000000781f80000,0x0000000782bc5270,0x000000078f480000)
  to   space 224256K, 0% used [0x0000000773e80000,0x0000000773e80000,0x0000000781980000)
 ParOldGen       total 1549312K, used 53945K [0x00000005c1200000, 0x000000061fb00000, 0x0000000715b80000)
  object space 1549312K, 3% used [0x00000005c1200000,0x00000005c46ae400,0x000000061fb00000)
 Metaspace       used 87105K, capacity 93408K, committed 99160K, reserved 1134592K
  class space    used 11420K, capacity 12465K, committed 13144K, reserved 1048576K
}
Event: 13075.684 GC heap before
{Heap before GC invocations=53 (full 15):
 PSYoungGen      total 1761280K, used 12564K [0x0000000715b80000, 0x000000078f480000, 0x00000007c0000000)
  eden space 1543168K, 0% used [0x0000000715b80000,0x0000000715b80000,0x0000000773e80000)
  from space 218112K, 5% used [0x0000000781f80000,0x0000000782bc5270,0x000000078f480000)
  to   space 224256K, 0% used [0x0000000773e80000,0x0000000773e80000,0x0000000781980000)
 ParOldGen       total 1549312K, used 53945K [0x00000005c1200000, 0x000000061fb00000, 0x0000000715b80000)
  object space 1549312K, 3% used [0x00000005c1200000,0x00000005c46ae400,0x000000061fb00000)
 Metaspace       used 87105K, capacity 93408K, committed 99160K, reserved 1134592K
  class space    used 11420K, capacity 12465K, committed 13144K, reserved 1048576K
Event: 13075.997 GC heap after
Heap after GC invocations=53 (full 15):
 PSYoungGen      total 1761280K, used 0K [0x0000000715b80000, 0x000000078f480000, 0x00000007c0000000)
  eden space 1543168K, 0% used [0x0000000715b80000,0x0000000715b80000,0x0000000773e80000)
  from space 218112K, 0% used [0x0000000781f80000,0x0000000781f80000,0x000000078f480000)
  to   space 224256K, 0% used [0x0000000773e80000,0x0000000773e80000,0x0000000781980000)
 ParOldGen       total 1549312K, used 64619K [0x00000005c1200000, 0x000000061fb00000, 0x0000000715b80000)
  object space 1549312K, 4% used [0x00000005c1200000,0x00000005c511aee8,0x000000061fb00000)
 Metaspace       used 87063K, capacity 93342K, committed 99160K, reserved 1134592K
  class space    used 11414K, capacity 12454K, committed 13144K, reserved 1048576K
}

